[2024-08-03T21:57:27.976+0000] {manager.py:470} INFO - Processing files using up to 2 processes at a time 
[2024-08-03T21:57:27.988+0000] {manager.py:471} INFO - Process each file at most once every 30 seconds
[2024-08-03T21:57:27.990+0000] {manager.py:472} INFO - Checking for new files in /usr/local/airflow/dags every 300 seconds
[2024-08-03T21:57:27.991+0000] {manager.py:737} INFO - Searching for files in /usr/local/airflow/dags
[2024-08-03T21:57:28.053+0000] {manager.py:740} INFO - There are 2 files in /usr/local/airflow/dags
[2024-08-03T21:57:28.402+0000] {manager.py:878} INFO - 
================================================================================
DAG File Processing Stats

File Path                                PID  Runtime      # DAGs    # Errors  Last Runtime    Last Run
-------------------------------------  -----  ---------  --------  ----------  --------------  -------------------
/usr/local/airflow/dags/etl.py                                  0           1  0.21s           2024-08-03T21:57:28
/usr/local/airflow/dags/exampledag.py   4112  0.15s             0           0
================================================================================
[2024-08-03T21:57:58.643+0000] {manager.py:878} INFO - 
================================================================================
DAG File Processing Stats

File Path                                PID  Runtime      # DAGs    # Errors  Last Runtime    Last Run
-------------------------------------  -----  ---------  --------  ----------  --------------  -------------------
/usr/local/airflow/dags/exampledag.py                           1           0  0.46s           2024-08-03T21:57:28
/usr/local/airflow/dags/etl.py          4121  0.00s             0           1  0.21s           2024-08-03T21:57:28
================================================================================
[2024-08-03T21:58:29.145+0000] {manager.py:878} INFO - 
================================================================================
DAG File Processing Stats

File Path                                PID  Runtime      # DAGs    # Errors  Last Runtime    Last Run
-------------------------------------  -----  ---------  --------  ----------  --------------  -------------------
/usr/local/airflow/dags/exampledag.py   4134  0.01s             1           0  0.14s           2024-08-03T21:57:58
/usr/local/airflow/dags/etl.py          4131  0.06s             0           1  0.06s           2024-08-03T21:57:58
================================================================================
[2024-08-03T21:58:59.160+0000] {manager.py:878} INFO - 
================================================================================
DAG File Processing Stats

File Path                              PID    Runtime      # DAGs    # Errors  Last Runtime    Last Run
-------------------------------------  -----  ---------  --------  ----------  --------------  -------------------
/usr/local/airflow/dags/exampledag.py                           1           0  0.70s           2024-08-03T21:58:29
/usr/local/airflow/dags/etl.py                                  0           1  0.52s           2024-08-03T21:58:29
================================================================================
[2024-08-03T21:59:29.395+0000] {manager.py:878} INFO - 
================================================================================
DAG File Processing Stats

File Path                              PID    Runtime      # DAGs    # Errors  Last Runtime    Last Run
-------------------------------------  -----  ---------  --------  ----------  --------------  -------------------
/usr/local/airflow/dags/exampledag.py                           1           0  4.89s           2024-08-03T21:59:05
/usr/local/airflow/dags/etl.py                                  0           1  4.84s           2024-08-03T21:59:05
================================================================================
[2024-08-03T21:59:59.730+0000] {manager.py:878} INFO - 
================================================================================
DAG File Processing Stats

File Path                              PID    Runtime      # DAGs    # Errors  Last Runtime    Last Run
-------------------------------------  -----  ---------  --------  ----------  --------------  -------------------
/usr/local/airflow/dags/exampledag.py                           1           0  0.20s           2024-08-03T21:59:35
/usr/local/airflow/dags/etl.py                                  0           1  0.13s           2024-08-03T21:59:35
================================================================================
[2024-08-03T22:00:30.177+0000] {manager.py:878} INFO - 
================================================================================
DAG File Processing Stats

File Path                              PID    Runtime      # DAGs    # Errors  Last Runtime    Last Run
-------------------------------------  -----  ---------  --------  ----------  --------------  -------------------
/usr/local/airflow/dags/exampledag.py                           1           0  0.31s           2024-08-03T22:00:06
/usr/local/airflow/dags/etl.py                                  0           1  0.19s           2024-08-03T22:00:05
================================================================================
[2024-08-03T22:01:00.698+0000] {manager.py:878} INFO - 
================================================================================
DAG File Processing Stats

File Path                              PID    Runtime      # DAGs    # Errors  Last Runtime    Last Run
-------------------------------------  -----  ---------  --------  ----------  --------------  -------------------
/usr/local/airflow/dags/exampledag.py                           1           0  0.35s           2024-08-03T22:00:36
/usr/local/airflow/dags/etl.py                                  0           1  0.22s           2024-08-03T22:00:36
================================================================================
[2024-08-03T22:01:31.013+0000] {manager.py:878} INFO - 
================================================================================
DAG File Processing Stats

File Path                              PID    Runtime      # DAGs    # Errors  Last Runtime    Last Run
-------------------------------------  -----  ---------  --------  ----------  --------------  -------------------
/usr/local/airflow/dags/exampledag.py                           1           0  0.62s           2024-08-03T22:01:07
/usr/local/airflow/dags/etl.py                                  0           1  0.25s           2024-08-03T22:01:07
================================================================================
[2024-08-03T22:02:01.762+0000] {manager.py:878} INFO - 
================================================================================
DAG File Processing Stats

File Path                              PID    Runtime      # DAGs    # Errors  Last Runtime    Last Run
-------------------------------------  -----  ---------  --------  ----------  --------------  -------------------
/usr/local/airflow/dags/etl.py                                  0           1  3.09s           2024-08-03T22:01:40
/usr/local/airflow/dags/exampledag.py                           1           0  1.31s           2024-08-03T22:01:40
================================================================================
[2024-08-03T22:02:28.281+0000] {manager.py:737} INFO - Searching for files in /usr/local/airflow/dags
[2024-08-03T22:02:28.316+0000] {manager.py:740} INFO - There are 2 files in /usr/local/airflow/dags
[2024-08-03T22:02:32.365+0000] {manager.py:878} INFO - 
================================================================================
DAG File Processing Stats

File Path                              PID    Runtime      # DAGs    # Errors  Last Runtime    Last Run
-------------------------------------  -----  ---------  --------  ----------  --------------  -------------------
/usr/local/airflow/dags/exampledag.py                           1           0  0.29s           2024-08-03T22:02:11
/usr/local/airflow/dags/etl.py                                  0           1  0.20s           2024-08-03T22:02:11
================================================================================
[2024-08-03T22:03:02.676+0000] {manager.py:878} INFO - 
================================================================================
DAG File Processing Stats

File Path                              PID    Runtime      # DAGs    # Errors  Last Runtime    Last Run
-------------------------------------  -----  ---------  --------  ----------  --------------  -------------------
/usr/local/airflow/dags/exampledag.py                           1           0  0.15s           2024-08-03T22:02:41
/usr/local/airflow/dags/etl.py                                  0           1  0.10s           2024-08-03T22:02:41
================================================================================
[2024-08-03T22:03:28.400+0000] {manager.py:452} INFO - Exiting gracefully upon receiving signal 15
[2024-08-03T22:04:22.688+0000] {manager.py:470} INFO - Processing files using up to 2 processes at a time 
[2024-08-03T22:04:22.689+0000] {manager.py:471} INFO - Process each file at most once every 30 seconds
[2024-08-03T22:04:22.690+0000] {manager.py:472} INFO - Checking for new files in /usr/local/airflow/dags every 300 seconds
[2024-08-03T22:04:22.691+0000] {manager.py:737} INFO - Searching for files in /usr/local/airflow/dags
[2024-08-03T22:04:22.718+0000] {manager.py:740} INFO - There are 2 files in /usr/local/airflow/dags
[2024-08-03T22:04:22.900+0000] {manager.py:878} INFO - 
================================================================================
DAG File Processing Stats

File Path                                PID  Runtime      # DAGs    # Errors  Last Runtime    Last Run
-------------------------------------  -----  ---------  --------  ----------  --------------  -------------------
/usr/local/airflow/dags/etl.py                                  0           1  0.13s           2024-08-03T22:04:22
/usr/local/airflow/dags/exampledag.py    172  0.07s             0           0
================================================================================
[2024-08-03T22:04:54.463+0000] {manager.py:878} INFO - 
================================================================================
DAG File Processing Stats

File Path                                PID  Runtime      # DAGs    # Errors  Last Runtime    Last Run
-------------------------------------  -----  ---------  --------  ----------  --------------  -------------------
/usr/local/airflow/dags/exampledag.py    182  0.03s             1           0  0.16s           2024-08-03T22:04:22
/usr/local/airflow/dags/etl.py           179  0.25s             0           1  0.13s           2024-08-03T22:04:22
================================================================================
[2024-08-03T22:05:25.391+0000] {manager.py:878} INFO - 
================================================================================
DAG File Processing Stats

File Path                                PID  Runtime      # DAGs    # Errors  Last Runtime    Last Run
-------------------------------------  -----  ---------  --------  ----------  --------------  -------------------
/usr/local/airflow/dags/exampledag.py    192  0.02s             1           0  0.82s           2024-08-03T22:04:55
/usr/local/airflow/dags/etl.py           189  0.06s             0           1  0.76s           2024-08-03T22:04:54
================================================================================
[2024-08-03T22:05:55.797+0000] {manager.py:878} INFO - 
================================================================================
DAG File Processing Stats

File Path                              PID    Runtime      # DAGs    # Errors  Last Runtime    Last Run
-------------------------------------  -----  ---------  --------  ----------  --------------  -------------------
/usr/local/airflow/dags/exampledag.py                           1           0  2.48s           2024-08-03T22:05:27
/usr/local/airflow/dags/etl.py                                  0           1  2.22s           2024-08-03T22:05:27
================================================================================
[2024-08-03T22:06:25.974+0000] {manager.py:878} INFO - 
================================================================================
DAG File Processing Stats

File Path                              PID    Runtime      # DAGs    # Errors  Last Runtime    Last Run
-------------------------------------  -----  ---------  --------  ----------  --------------  -------------------
/usr/local/airflow/dags/exampledag.py                           1           0  0.49s           2024-08-03T22:05:58
/usr/local/airflow/dags/etl.py                                  0           1  0.39s           2024-08-03T22:05:58
================================================================================
[2024-08-03T22:06:55.981+0000] {manager.py:878} INFO - 
================================================================================
DAG File Processing Stats

File Path                              PID    Runtime      # DAGs    # Errors  Last Runtime    Last Run
-------------------------------------  -----  ---------  --------  ----------  --------------  -------------------
/usr/local/airflow/dags/exampledag.py                           1           0  0.28s           2024-08-03T22:06:28
/usr/local/airflow/dags/etl.py                                  0           1  0.15s           2024-08-03T22:06:28
================================================================================
[2024-08-03T22:07:26.386+0000] {manager.py:878} INFO - 
================================================================================
DAG File Processing Stats

File Path                              PID    Runtime      # DAGs    # Errors  Last Runtime    Last Run
-------------------------------------  -----  ---------  --------  ----------  --------------  -------------------
/usr/local/airflow/dags/exampledag.py                           1           0  0.25s           2024-08-03T22:06:59
/usr/local/airflow/dags/etl.py                                  0           1  0.20s           2024-08-03T22:06:59
================================================================================
[2024-08-03T22:07:56.701+0000] {manager.py:878} INFO - 
================================================================================
DAG File Processing Stats

File Path                              PID    Runtime      # DAGs    # Errors  Last Runtime    Last Run
-------------------------------------  -----  ---------  --------  ----------  --------------  -------------------
/usr/local/airflow/dags/exampledag.py                           1           0  0.11s           2024-08-03T22:07:29
/usr/local/airflow/dags/etl.py                                  0           1  0.07s           2024-08-03T22:07:29
================================================================================
[2024-08-03T22:08:27.123+0000] {manager.py:878} INFO - 
================================================================================
DAG File Processing Stats

File Path                              PID    Runtime      # DAGs    # Errors  Last Runtime    Last Run
-------------------------------------  -----  ---------  --------  ----------  --------------  -------------------
/usr/local/airflow/dags/exampledag.py                           1           0  0.37s           2024-08-03T22:08:00
/usr/local/airflow/dags/etl.py                                  0           1  0.19s           2024-08-03T22:07:59
================================================================================
[2024-08-03T22:08:57.433+0000] {manager.py:878} INFO - 
================================================================================
DAG File Processing Stats

File Path                              PID    Runtime      # DAGs    # Errors  Last Runtime    Last Run
-------------------------------------  -----  ---------  --------  ----------  --------------  -------------------
/usr/local/airflow/dags/exampledag.py                           1           0  0.12s           2024-08-03T22:08:30
/usr/local/airflow/dags/etl.py                                  0           1  0.06s           2024-08-03T22:08:30
================================================================================
[2024-08-03T22:09:22.744+0000] {manager.py:737} INFO - Searching for files in /usr/local/airflow/dags
[2024-08-03T22:09:22.787+0000] {manager.py:740} INFO - There are 2 files in /usr/local/airflow/dags
[2024-08-03T22:09:27.843+0000] {manager.py:878} INFO - 
================================================================================
DAG File Processing Stats

File Path                              PID    Runtime      # DAGs    # Errors  Last Runtime    Last Run
-------------------------------------  -----  ---------  --------  ----------  --------------  -------------------
/usr/local/airflow/dags/exampledag.py                           1           0  0.16s           2024-08-03T22:09:00
/usr/local/airflow/dags/etl.py                                  0           1  0.11s           2024-08-03T22:09:00
================================================================================
[2024-08-03T22:09:58.531+0000] {manager.py:878} INFO - 
================================================================================
DAG File Processing Stats

File Path                              PID    Runtime      # DAGs    # Errors  Last Runtime    Last Run
-------------------------------------  -----  ---------  --------  ----------  --------------  -------------------
/usr/local/airflow/dags/exampledag.py                           1           0  0.44s           2024-08-03T22:09:31
/usr/local/airflow/dags/etl.py                                  1           0  0.18s           2024-08-03T22:09:54
================================================================================
[2024-08-03T22:10:22.550+0000] {manager.py:452} INFO - Exiting gracefully upon receiving signal 15
[2024-08-03T22:10:59.929+0000] {manager.py:470} INFO - Processing files using up to 2 processes at a time 
[2024-08-03T22:10:59.931+0000] {manager.py:471} INFO - Process each file at most once every 30 seconds
[2024-08-03T22:10:59.932+0000] {manager.py:472} INFO - Checking for new files in /usr/local/airflow/dags every 300 seconds
[2024-08-03T22:10:59.933+0000] {manager.py:737} INFO - Searching for files in /usr/local/airflow/dags
[2024-08-03T22:11:00.007+0000] {manager.py:740} INFO - There are 2 files in /usr/local/airflow/dags
[2024-08-03T22:11:00.913+0000] {manager.py:878} INFO - 
================================================================================
DAG File Processing Stats

File Path                                PID  Runtime      # DAGs    # Errors  Last Runtime    Last Run
-------------------------------------  -----  ---------  --------  ----------  --------------  ----------
/usr/local/airflow/dags/etl.py           170  0.63s             0           0
/usr/local/airflow/dags/exampledag.py    173  0.50s             0           0
================================================================================
[2024-08-03T22:11:31.618+0000] {manager.py:878} INFO - 
================================================================================
DAG File Processing Stats

File Path                                PID  Runtime      # DAGs    # Errors  Last Runtime    Last Run
-------------------------------------  -----  ---------  --------  ----------  --------------  -------------------
/usr/local/airflow/dags/etl.py           180  0.17s             1           0  0.86s           2024-08-03T22:11:01
/usr/local/airflow/dags/exampledag.py    183  0.01s             1           0  0.77s           2024-08-03T22:11:01
================================================================================
[2024-08-03T22:12:01.784+0000] {manager.py:878} INFO - 
================================================================================
DAG File Processing Stats

File Path                              PID    Runtime      # DAGs    # Errors  Last Runtime    Last Run
-------------------------------------  -----  ---------  --------  ----------  --------------  -------------------
/usr/local/airflow/dags/etl.py                                  1           0  1.00s           2024-08-03T22:11:32
/usr/local/airflow/dags/exampledag.py                           1           0  0.88s           2024-08-03T22:11:32
================================================================================
[2024-08-03T22:12:31.936+0000] {manager.py:878} INFO - 
================================================================================
DAG File Processing Stats

File Path                              PID    Runtime      # DAGs    # Errors  Last Runtime    Last Run
-------------------------------------  -----  ---------  --------  ----------  --------------  -------------------
/usr/local/airflow/dags/exampledag.py                           1           0  0.75s           2024-08-03T22:12:03
/usr/local/airflow/dags/etl.py                                  1           0  0.70s           2024-08-03T22:12:03
================================================================================
[2024-08-03T22:13:02.342+0000] {manager.py:878} INFO - 
================================================================================
DAG File Processing Stats

File Path                              PID    Runtime      # DAGs    # Errors  Last Runtime    Last Run
-------------------------------------  -----  ---------  --------  ----------  --------------  -------------------
/usr/local/airflow/dags/etl.py                                  1           0  1.89s           2024-08-03T22:12:35
/usr/local/airflow/dags/exampledag.py                           1           0  1.86s           2024-08-03T22:12:35
================================================================================
[2024-08-03T22:13:32.797+0000] {manager.py:878} INFO - 
================================================================================
DAG File Processing Stats

File Path                              PID    Runtime      # DAGs    # Errors  Last Runtime    Last Run
-------------------------------------  -----  ---------  --------  ----------  --------------  -------------------
/usr/local/airflow/dags/etl.py                                  1           0  1.15s           2024-08-03T22:13:07
/usr/local/airflow/dags/exampledag.py                           1           0  1.04s           2024-08-03T22:13:07
================================================================================
[2024-08-03T22:14:03.205+0000] {manager.py:878} INFO - 
================================================================================
DAG File Processing Stats

File Path                              PID    Runtime      # DAGs    # Errors  Last Runtime    Last Run
-------------------------------------  -----  ---------  --------  ----------  --------------  -------------------
/usr/local/airflow/dags/exampledag.py                           1           0  0.20s           2024-08-03T22:13:38
/usr/local/airflow/dags/etl.py                                  1           0  0.20s           2024-08-03T22:13:38
================================================================================
[2024-08-03T22:14:33.450+0000] {manager.py:878} INFO - 
================================================================================
DAG File Processing Stats

File Path                              PID    Runtime      # DAGs    # Errors  Last Runtime    Last Run
-------------------------------------  -----  ---------  --------  ----------  --------------  -------------------
/usr/local/airflow/dags/etl.py                                  1           0  0.37s           2024-08-03T22:14:08
/usr/local/airflow/dags/exampledag.py                           1           0  0.35s           2024-08-03T22:14:08
================================================================================
[2024-08-03T22:15:04.240+0000] {manager.py:878} INFO - 
================================================================================
DAG File Processing Stats

File Path                              PID    Runtime      # DAGs    # Errors  Last Runtime    Last Run
-------------------------------------  -----  ---------  --------  ----------  --------------  -------------------
/usr/local/airflow/dags/exampledag.py                           1           0  0.24s           2024-08-03T22:14:39
/usr/local/airflow/dags/etl.py                                  1           0  0.23s           2024-08-03T22:14:39
================================================================================
[2024-08-03T22:15:34.630+0000] {manager.py:878} INFO - 
================================================================================
DAG File Processing Stats

File Path                              PID    Runtime      # DAGs    # Errors  Last Runtime    Last Run
-------------------------------------  -----  ---------  --------  ----------  --------------  -------------------
/usr/local/airflow/dags/exampledag.py                           1           0  0.12s           2024-08-03T22:15:09
/usr/local/airflow/dags/etl.py                                  1           0  0.11s           2024-08-03T22:15:09
================================================================================
[2024-08-03T22:15:59.972+0000] {manager.py:737} INFO - Searching for files in /usr/local/airflow/dags
[2024-08-03T22:16:00.003+0000] {manager.py:740} INFO - There are 2 files in /usr/local/airflow/dags
[2024-08-03T22:16:04.915+0000] {manager.py:878} INFO - 
================================================================================
DAG File Processing Stats

File Path                              PID    Runtime      # DAGs    # Errors  Last Runtime    Last Run
-------------------------------------  -----  ---------  --------  ----------  --------------  -------------------
/usr/local/airflow/dags/etl.py                                  1           0  0.20s           2024-08-03T22:15:39
/usr/local/airflow/dags/exampledag.py                           1           0  0.19s           2024-08-03T22:15:39
================================================================================
[2024-08-03T22:16:35.363+0000] {manager.py:878} INFO - 
================================================================================
DAG File Processing Stats

File Path                              PID    Runtime      # DAGs    # Errors  Last Runtime    Last Run
-------------------------------------  -----  ---------  --------  ----------  --------------  -------------------
/usr/local/airflow/dags/etl.py                                  1           0  0.19s           2024-08-03T22:16:09
/usr/local/airflow/dags/exampledag.py                           1           0  0.19s           2024-08-03T22:16:10
================================================================================
[2024-08-03T22:17:05.719+0000] {manager.py:878} INFO - 
================================================================================
DAG File Processing Stats

File Path                              PID    Runtime      # DAGs    # Errors  Last Runtime    Last Run
-------------------------------------  -----  ---------  --------  ----------  --------------  -------------------
/usr/local/airflow/dags/exampledag.py                           1           0  0.11s           2024-08-03T22:16:40
/usr/local/airflow/dags/etl.py                                  1           0  0.11s           2024-08-03T22:16:39
================================================================================
[2024-08-03T22:17:36.033+0000] {manager.py:878} INFO - 
================================================================================
DAG File Processing Stats

File Path                              PID    Runtime      # DAGs    # Errors  Last Runtime    Last Run
-------------------------------------  -----  ---------  --------  ----------  --------------  -------------------
/usr/local/airflow/dags/exampledag.py                           1           0  0.24s           2024-08-03T22:17:11
/usr/local/airflow/dags/etl.py                                  1           0  0.10s           2024-08-03T22:17:09
================================================================================
[2024-08-03T22:18:06.422+0000] {manager.py:878} INFO - 
================================================================================
DAG File Processing Stats

File Path                              PID    Runtime      # DAGs    # Errors  Last Runtime    Last Run
-------------------------------------  -----  ---------  --------  ----------  --------------  -------------------
/usr/local/airflow/dags/exampledag.py                           1           0  0.11s           2024-08-03T22:17:41
/usr/local/airflow/dags/etl.py                                  1           0  0.11s           2024-08-03T22:17:40
================================================================================
[2024-08-03T22:18:36.837+0000] {manager.py:878} INFO - 
================================================================================
DAG File Processing Stats

File Path                              PID    Runtime      # DAGs    # Errors  Last Runtime    Last Run
-------------------------------------  -----  ---------  --------  ----------  --------------  -------------------
/usr/local/airflow/dags/exampledag.py                           1           0  0.11s           2024-08-03T22:18:11
/usr/local/airflow/dags/etl.py                                  1           0  0.10s           2024-08-03T22:18:10
================================================================================
[2024-08-03T22:19:07.220+0000] {manager.py:878} INFO - 
================================================================================
DAG File Processing Stats

File Path                              PID    Runtime      # DAGs    # Errors  Last Runtime    Last Run
-------------------------------------  -----  ---------  --------  ----------  --------------  -------------------
/usr/local/airflow/dags/etl.py                                  1           0  0.13s           2024-08-03T22:18:41
/usr/local/airflow/dags/exampledag.py                           1           0  0.11s           2024-08-03T22:18:42
================================================================================
[2024-08-03T22:19:37.667+0000] {manager.py:878} INFO - 
================================================================================
DAG File Processing Stats

File Path                              PID    Runtime      # DAGs    # Errors  Last Runtime    Last Run
-------------------------------------  -----  ---------  --------  ----------  --------------  -------------------
/usr/local/airflow/dags/exampledag.py                           1           0  0.12s           2024-08-03T22:19:12
/usr/local/airflow/dags/etl.py                                  1           0  0.11s           2024-08-03T22:19:11
================================================================================
[2024-08-03T22:20:08.010+0000] {manager.py:878} INFO - 
================================================================================
DAG File Processing Stats

File Path                              PID    Runtime      # DAGs    # Errors  Last Runtime    Last Run
-------------------------------------  -----  ---------  --------  ----------  --------------  -------------------
/usr/local/airflow/dags/exampledag.py                           1           0  0.15s           2024-08-03T22:19:42
/usr/local/airflow/dags/etl.py                                  1           0  0.11s           2024-08-03T22:19:41
================================================================================
[2024-08-03T22:20:38.394+0000] {manager.py:878} INFO - 
================================================================================
DAG File Processing Stats

File Path                              PID    Runtime      # DAGs    # Errors  Last Runtime    Last Run
-------------------------------------  -----  ---------  --------  ----------  --------------  -------------------
/usr/local/airflow/dags/etl.py                                  1           0  0.11s           2024-08-03T22:20:12
/usr/local/airflow/dags/exampledag.py                           1           0  0.11s           2024-08-03T22:20:13
================================================================================
[2024-08-03T22:21:00.736+0000] {manager.py:737} INFO - Searching for files in /usr/local/airflow/dags
[2024-08-03T22:21:00.762+0000] {manager.py:740} INFO - There are 2 files in /usr/local/airflow/dags
[2024-08-03T22:21:08.835+0000] {manager.py:878} INFO - 
================================================================================
DAG File Processing Stats

File Path                              PID    Runtime      # DAGs    # Errors  Last Runtime    Last Run
-------------------------------------  -----  ---------  --------  ----------  --------------  -------------------
/usr/local/airflow/dags/exampledag.py                           1           0  0.12s           2024-08-03T22:20:43
/usr/local/airflow/dags/etl.py                                  1           0  0.10s           2024-08-03T22:20:42
================================================================================
[2024-08-03T22:21:39.265+0000] {manager.py:878} INFO - 
================================================================================
DAG File Processing Stats

File Path                              PID    Runtime      # DAGs    # Errors  Last Runtime    Last Run
-------------------------------------  -----  ---------  --------  ----------  --------------  -------------------
/usr/local/airflow/dags/etl.py                                  1           0  0.14s           2024-08-03T22:21:13
/usr/local/airflow/dags/exampledag.py                           1           0  0.12s           2024-08-03T22:21:14
================================================================================
[2024-08-03T22:22:09.647+0000] {manager.py:878} INFO - 
================================================================================
DAG File Processing Stats

File Path                              PID    Runtime      # DAGs    # Errors  Last Runtime    Last Run
-------------------------------------  -----  ---------  --------  ----------  --------------  -------------------
/usr/local/airflow/dags/exampledag.py                           1           0  0.12s           2024-08-03T22:21:44
/usr/local/airflow/dags/etl.py                                  1           0  0.10s           2024-08-03T22:21:43
================================================================================
[2024-08-03T22:22:40.057+0000] {manager.py:878} INFO - 
================================================================================
DAG File Processing Stats

File Path                              PID    Runtime      # DAGs    # Errors  Last Runtime    Last Run
-------------------------------------  -----  ---------  --------  ----------  --------------  -------------------
/usr/local/airflow/dags/etl.py                                  1           0  0.16s           2024-08-03T22:22:13
/usr/local/airflow/dags/exampledag.py                           1           0  0.15s           2024-08-03T22:22:14
================================================================================
[2024-08-03T22:23:10.048+0000] {manager.py:452} INFO - Exiting gracefully upon receiving signal 15
[2024-08-03T22:24:26.233+0000] {manager.py:470} INFO - Processing files using up to 2 processes at a time 
[2024-08-03T22:24:26.235+0000] {manager.py:471} INFO - Process each file at most once every 30 seconds
[2024-08-03T22:24:26.236+0000] {manager.py:472} INFO - Checking for new files in /usr/local/airflow/dags every 300 seconds
[2024-08-03T22:24:26.263+0000] {manager.py:737} INFO - Searching for files in /usr/local/airflow/dags
[2024-08-03T22:24:26.322+0000] {manager.py:740} INFO - There are 2 files in /usr/local/airflow/dags
[2024-08-03T22:24:28.628+0000] {manager.py:878} INFO - 
================================================================================
DAG File Processing Stats

File Path                                PID  Runtime      # DAGs    # Errors  Last Runtime    Last Run
-------------------------------------  -----  ---------  --------  ----------  --------------  ----------
/usr/local/airflow/dags/etl.py           169  2.23s             0           0
/usr/local/airflow/dags/exampledag.py    172  1.00s             0           0
================================================================================
[2024-08-03T22:24:58.671+0000] {manager.py:878} INFO - 
================================================================================
DAG File Processing Stats

File Path                              PID    Runtime      # DAGs    # Errors  Last Runtime    Last Run
-------------------------------------  -----  ---------  --------  ----------  --------------  -------------------
/usr/local/airflow/dags/etl.py                                  1           0  2.60s           2024-08-03T22:24:28
/usr/local/airflow/dags/exampledag.py                           1           0  1.46s           2024-08-03T22:24:29
================================================================================
[2024-08-03T22:25:29.170+0000] {manager.py:878} INFO - 
================================================================================
DAG File Processing Stats

File Path                              PID    Runtime      # DAGs    # Errors  Last Runtime    Last Run
-------------------------------------  -----  ---------  --------  ----------  --------------  -------------------
/usr/local/airflow/dags/exampledag.py                           1           0  6.00s           2024-08-03T22:25:05
/usr/local/airflow/dags/etl.py                                  1           0  5.91s           2024-08-03T22:25:05
================================================================================
[2024-08-03T22:26:00.003+0000] {manager.py:878} INFO - 
================================================================================
DAG File Processing Stats

File Path                              PID    Runtime      # DAGs    # Errors  Last Runtime    Last Run
-------------------------------------  -----  ---------  --------  ----------  --------------  -------------------
/usr/local/airflow/dags/etl.py                                  1           0  0.53s           2024-08-03T22:25:36
/usr/local/airflow/dags/exampledag.py                           1           0  0.51s           2024-08-03T22:25:36
================================================================================
[2024-08-03T22:26:30.617+0000] {manager.py:878} INFO - 
================================================================================
DAG File Processing Stats

File Path                              PID    Runtime      # DAGs    # Errors  Last Runtime    Last Run
-------------------------------------  -----  ---------  --------  ----------  --------------  -------------------
/usr/local/airflow/dags/etl.py                                  1           0  3.33s           2024-08-03T22:26:10
/usr/local/airflow/dags/exampledag.py                           1           0  2.96s           2024-08-03T22:26:10
================================================================================
[2024-08-03T22:27:01.023+0000] {manager.py:878} INFO - 
================================================================================
DAG File Processing Stats

File Path                              PID    Runtime      # DAGs    # Errors  Last Runtime    Last Run
-------------------------------------  -----  ---------  --------  ----------  --------------  -------------------
/usr/local/airflow/dags/exampledag.py                           1           0  1.23s           2024-08-03T22:26:42
/usr/local/airflow/dags/etl.py                                  1           0  1.13s           2024-08-03T22:26:41
================================================================================
[2024-08-03T22:27:31.399+0000] {manager.py:878} INFO - 
================================================================================
DAG File Processing Stats

File Path                              PID    Runtime      # DAGs    # Errors  Last Runtime    Last Run
-------------------------------------  -----  ---------  --------  ----------  --------------  -------------------
/usr/local/airflow/dags/etl.py                                  1           0  0.29s           2024-08-03T22:27:12
/usr/local/airflow/dags/exampledag.py                           1           0  0.25s           2024-08-03T22:27:12
================================================================================
[2024-08-03T22:28:01.802+0000] {manager.py:878} INFO - 
================================================================================
DAG File Processing Stats

File Path                              PID    Runtime      # DAGs    # Errors  Last Runtime    Last Run
-------------------------------------  -----  ---------  --------  ----------  --------------  -------------------
/usr/local/airflow/dags/exampledag.py                           1           0  0.15s           2024-08-03T22:27:42
/usr/local/airflow/dags/etl.py                                  1           0  0.15s           2024-08-03T22:27:42
================================================================================
[2024-08-03T22:28:32.215+0000] {manager.py:878} INFO - 
================================================================================
DAG File Processing Stats

File Path                              PID    Runtime      # DAGs    # Errors  Last Runtime    Last Run
-------------------------------------  -----  ---------  --------  ----------  --------------  -------------------
/usr/local/airflow/dags/etl.py                                  1           0  0.15s           2024-08-03T22:28:13
/usr/local/airflow/dags/exampledag.py                           1           0  0.14s           2024-08-03T22:28:13
================================================================================
[2024-08-03T22:29:02.611+0000] {manager.py:878} INFO - 
================================================================================
DAG File Processing Stats

File Path                              PID    Runtime      # DAGs    # Errors  Last Runtime    Last Run
-------------------------------------  -----  ---------  --------  ----------  --------------  -------------------
/usr/local/airflow/dags/etl.py                                  1           0  0.11s           2024-08-03T22:28:43
/usr/local/airflow/dags/exampledag.py                           1           0  0.10s           2024-08-03T22:28:43
================================================================================
[2024-08-03T22:29:27.030+0000] {manager.py:737} INFO - Searching for files in /usr/local/airflow/dags
[2024-08-03T22:29:27.065+0000] {manager.py:740} INFO - There are 2 files in /usr/local/airflow/dags
[2024-08-03T22:29:33.107+0000] {manager.py:878} INFO - 
================================================================================
DAG File Processing Stats

File Path                              PID    Runtime      # DAGs    # Errors  Last Runtime    Last Run
-------------------------------------  -----  ---------  --------  ----------  --------------  -------------------
/usr/local/airflow/dags/exampledag.py                           1           0  0.21s           2024-08-03T22:29:13
/usr/local/airflow/dags/etl.py                                  1           0  0.20s           2024-08-03T22:29:13
================================================================================
[2024-08-03T22:30:03.530+0000] {manager.py:878} INFO - 
================================================================================
DAG File Processing Stats

File Path                              PID    Runtime      # DAGs    # Errors  Last Runtime    Last Run
-------------------------------------  -----  ---------  --------  ----------  --------------  -------------------
/usr/local/airflow/dags/exampledag.py                           1           0  0.11s           2024-08-03T22:29:44
/usr/local/airflow/dags/etl.py                                  1           0  0.11s           2024-08-03T22:29:44
================================================================================
[2024-08-03T22:30:34.015+0000] {manager.py:878} INFO - 
================================================================================
DAG File Processing Stats

File Path                              PID    Runtime      # DAGs    # Errors  Last Runtime    Last Run
-------------------------------------  -----  ---------  --------  ----------  --------------  -------------------
/usr/local/airflow/dags/exampledag.py                           1           0  0.17s           2024-08-03T22:30:14
/usr/local/airflow/dags/etl.py                                  1           0  0.16s           2024-08-03T22:30:14
================================================================================
[2024-08-03T22:31:04.437+0000] {manager.py:878} INFO - 
================================================================================
DAG File Processing Stats

File Path                              PID    Runtime      # DAGs    # Errors  Last Runtime    Last Run
-------------------------------------  -----  ---------  --------  ----------  --------------  -------------------
/usr/local/airflow/dags/etl.py                                  1           0  0.11s           2024-08-03T22:30:45
/usr/local/airflow/dags/exampledag.py                           1           0  0.11s           2024-08-03T22:30:45
================================================================================
[2024-08-03T22:31:34.888+0000] {manager.py:878} INFO - 
================================================================================
DAG File Processing Stats

File Path                              PID    Runtime      # DAGs    # Errors  Last Runtime    Last Run
-------------------------------------  -----  ---------  --------  ----------  --------------  -------------------
/usr/local/airflow/dags/exampledag.py                           1           0  0.11s           2024-08-03T22:31:15
/usr/local/airflow/dags/etl.py                                  1           0  0.11s           2024-08-03T22:31:15
================================================================================
[2024-08-03T22:32:05.275+0000] {manager.py:878} INFO - 
================================================================================
DAG File Processing Stats

File Path                              PID    Runtime      # DAGs    # Errors  Last Runtime    Last Run
-------------------------------------  -----  ---------  --------  ----------  --------------  -------------------
/usr/local/airflow/dags/exampledag.py                           1           0  0.12s           2024-08-03T22:31:46
/usr/local/airflow/dags/etl.py                                  1           0  0.12s           2024-08-03T22:31:46
================================================================================
[2024-08-03T22:32:35.765+0000] {manager.py:878} INFO - 
================================================================================
DAG File Processing Stats

File Path                              PID    Runtime      # DAGs    # Errors  Last Runtime    Last Run
-------------------------------------  -----  ---------  --------  ----------  --------------  -------------------
/usr/local/airflow/dags/exampledag.py                           1           0  0.10s           2024-08-03T22:32:16
/usr/local/airflow/dags/etl.py                                  1           0  0.10s           2024-08-03T22:32:16
================================================================================
[2024-08-03T22:33:06.175+0000] {manager.py:878} INFO - 
================================================================================
DAG File Processing Stats

File Path                              PID    Runtime      # DAGs    # Errors  Last Runtime    Last Run
-------------------------------------  -----  ---------  --------  ----------  --------------  -------------------
/usr/local/airflow/dags/exampledag.py                           1           0  0.15s           2024-08-03T22:32:47
/usr/local/airflow/dags/etl.py                                  1           0  0.13s           2024-08-03T22:32:47
================================================================================
[2024-08-03T22:33:36.638+0000] {manager.py:878} INFO - 
================================================================================
DAG File Processing Stats

File Path                              PID    Runtime      # DAGs    # Errors  Last Runtime    Last Run
-------------------------------------  -----  ---------  --------  ----------  --------------  -------------------
/usr/local/airflow/dags/etl.py                                  1           0  0.10s           2024-08-03T22:33:17
/usr/local/airflow/dags/exampledag.py                           1           0  0.10s           2024-08-03T22:33:17
================================================================================
[2024-08-03T22:34:06.952+0000] {manager.py:878} INFO - 
================================================================================
DAG File Processing Stats

File Path                              PID    Runtime      # DAGs    # Errors  Last Runtime    Last Run
-------------------------------------  -----  ---------  --------  ----------  --------------  -------------------
/usr/local/airflow/dags/etl.py                                  1           0  0.22s           2024-08-03T22:33:47
/usr/local/airflow/dags/exampledag.py                           1           0  0.20s           2024-08-03T22:33:47
================================================================================
[2024-08-03T22:34:27.232+0000] {manager.py:737} INFO - Searching for files in /usr/local/airflow/dags
[2024-08-03T22:34:27.254+0000] {manager.py:740} INFO - There are 2 files in /usr/local/airflow/dags
[2024-08-03T22:34:37.333+0000] {manager.py:878} INFO - 
================================================================================
DAG File Processing Stats

File Path                              PID    Runtime      # DAGs    # Errors  Last Runtime    Last Run
-------------------------------------  -----  ---------  --------  ----------  --------------  -------------------
/usr/local/airflow/dags/exampledag.py                           1           0  0.10s           2024-08-03T22:34:18
/usr/local/airflow/dags/etl.py                                  1           0  0.10s           2024-08-03T22:34:18
================================================================================
[2024-08-03T22:35:07.683+0000] {manager.py:878} INFO - 
================================================================================
DAG File Processing Stats

File Path                              PID    Runtime      # DAGs    # Errors  Last Runtime    Last Run
-------------------------------------  -----  ---------  --------  ----------  --------------  -------------------
/usr/local/airflow/dags/exampledag.py                           1           0  0.11s           2024-08-03T22:34:48
/usr/local/airflow/dags/etl.py                                  1           0  0.11s           2024-08-03T22:34:48
================================================================================
[2024-08-03T22:35:38.021+0000] {manager.py:878} INFO - 
================================================================================
DAG File Processing Stats

File Path                              PID    Runtime      # DAGs    # Errors  Last Runtime    Last Run
-------------------------------------  -----  ---------  --------  ----------  --------------  -------------------
/usr/local/airflow/dags/etl.py                                  1           0  0.10s           2024-08-03T22:35:18
/usr/local/airflow/dags/exampledag.py                           1           0  0.10s           2024-08-03T22:35:18
================================================================================
[2024-08-03T22:36:08.387+0000] {manager.py:878} INFO - 
================================================================================
DAG File Processing Stats

File Path                              PID    Runtime      # DAGs    # Errors  Last Runtime    Last Run
-------------------------------------  -----  ---------  --------  ----------  --------------  -------------------
/usr/local/airflow/dags/exampledag.py                           1           0  0.10s           2024-08-03T22:35:49
/usr/local/airflow/dags/etl.py                                  1           0  0.10s           2024-08-03T22:35:49
================================================================================
[2024-08-03T22:36:38.746+0000] {manager.py:878} INFO - 
================================================================================
DAG File Processing Stats

File Path                              PID    Runtime      # DAGs    # Errors  Last Runtime    Last Run
-------------------------------------  -----  ---------  --------  ----------  --------------  -------------------
/usr/local/airflow/dags/exampledag.py                           1           0  0.10s           2024-08-03T22:36:19
/usr/local/airflow/dags/etl.py                                  1           0  0.10s           2024-08-03T22:36:19
================================================================================
[2024-08-03T22:37:09.164+0000] {manager.py:878} INFO - 
================================================================================
DAG File Processing Stats

File Path                              PID    Runtime      # DAGs    # Errors  Last Runtime    Last Run
-------------------------------------  -----  ---------  --------  ----------  --------------  -------------------
/usr/local/airflow/dags/exampledag.py                           1           0  0.17s           2024-08-03T22:36:50
/usr/local/airflow/dags/etl.py                                  1           0  0.16s           2024-08-03T22:36:49
================================================================================
[2024-08-03T22:37:39.512+0000] {manager.py:878} INFO - 
================================================================================
DAG File Processing Stats

File Path                              PID    Runtime      # DAGs    # Errors  Last Runtime    Last Run
-------------------------------------  -----  ---------  --------  ----------  --------------  -------------------
/usr/local/airflow/dags/exampledag.py                           1           0  0.12s           2024-08-03T22:37:20
/usr/local/airflow/dags/etl.py                                  1           0  0.12s           2024-08-03T22:37:20
================================================================================
[2024-08-03T22:38:09.905+0000] {manager.py:878} INFO - 
================================================================================
DAG File Processing Stats

File Path                              PID    Runtime      # DAGs    # Errors  Last Runtime    Last Run
-------------------------------------  -----  ---------  --------  ----------  --------------  -------------------
/usr/local/airflow/dags/exampledag.py                           1           0  0.11s           2024-08-03T22:37:50
/usr/local/airflow/dags/etl.py                                  1           0  0.10s           2024-08-03T22:37:50
================================================================================
[2024-08-03T22:38:40.294+0000] {manager.py:878} INFO - 
================================================================================
DAG File Processing Stats

File Path                              PID    Runtime      # DAGs    # Errors  Last Runtime    Last Run
-------------------------------------  -----  ---------  --------  ----------  --------------  -------------------
/usr/local/airflow/dags/etl.py                                  1           0  0.11s           2024-08-03T22:38:21
/usr/local/airflow/dags/exampledag.py                           1           0  0.11s           2024-08-03T22:38:21
================================================================================
[2024-08-03T22:39:10.660+0000] {manager.py:878} INFO - 
================================================================================
DAG File Processing Stats

File Path                              PID    Runtime      # DAGs    # Errors  Last Runtime    Last Run
-------------------------------------  -----  ---------  --------  ----------  --------------  -------------------
/usr/local/airflow/dags/exampledag.py                           1           0  0.12s           2024-08-03T22:38:51
/usr/local/airflow/dags/etl.py                                  1           0  0.12s           2024-08-03T22:38:51
================================================================================
[2024-08-03T22:39:27.925+0000] {manager.py:737} INFO - Searching for files in /usr/local/airflow/dags
[2024-08-03T22:39:27.949+0000] {manager.py:740} INFO - There are 2 files in /usr/local/airflow/dags
[2024-08-03T22:39:41.065+0000] {manager.py:878} INFO - 
================================================================================
DAG File Processing Stats

File Path                              PID    Runtime      # DAGs    # Errors  Last Runtime    Last Run
-------------------------------------  -----  ---------  --------  ----------  --------------  -------------------
/usr/local/airflow/dags/etl.py                                  1           0  0.13s           2024-08-03T22:39:21
/usr/local/airflow/dags/exampledag.py                           1           0  0.12s           2024-08-03T22:39:21
================================================================================
[2024-08-03T22:40:11.435+0000] {manager.py:878} INFO - 
================================================================================
DAG File Processing Stats

File Path                              PID    Runtime      # DAGs    # Errors  Last Runtime    Last Run
-------------------------------------  -----  ---------  --------  ----------  --------------  -------------------
/usr/local/airflow/dags/exampledag.py                           1           0  0.10s           2024-08-03T22:39:52
/usr/local/airflow/dags/etl.py                                  1           0  0.10s           2024-08-03T22:39:52
================================================================================
[2024-08-03T22:40:41.810+0000] {manager.py:878} INFO - 
================================================================================
DAG File Processing Stats

File Path                              PID    Runtime      # DAGs    # Errors  Last Runtime    Last Run
-------------------------------------  -----  ---------  --------  ----------  --------------  -------------------
/usr/local/airflow/dags/etl.py                                  1           0  0.11s           2024-08-03T22:40:22
/usr/local/airflow/dags/exampledag.py                           1           0  0.11s           2024-08-03T22:40:22
================================================================================
[2024-08-03T22:41:12.201+0000] {manager.py:878} INFO - 
================================================================================
DAG File Processing Stats

File Path                              PID    Runtime      # DAGs    # Errors  Last Runtime    Last Run
-------------------------------------  -----  ---------  --------  ----------  --------------  -------------------
/usr/local/airflow/dags/etl.py                                  1           0  0.14s           2024-08-03T22:40:53
/usr/local/airflow/dags/exampledag.py                           1           0  0.14s           2024-08-03T22:40:53
================================================================================
[2024-08-03T22:41:42.596+0000] {manager.py:878} INFO - 
================================================================================
DAG File Processing Stats

File Path                              PID    Runtime      # DAGs    # Errors  Last Runtime    Last Run
-------------------------------------  -----  ---------  --------  ----------  --------------  -------------------
/usr/local/airflow/dags/exampledag.py                           1           0  0.11s           2024-08-03T22:41:23
/usr/local/airflow/dags/etl.py                                  1           0  0.10s           2024-08-03T22:41:23
================================================================================
[2024-08-03T22:42:12.948+0000] {manager.py:878} INFO - 
================================================================================
DAG File Processing Stats

File Path                              PID    Runtime      # DAGs    # Errors  Last Runtime    Last Run
-------------------------------------  -----  ---------  --------  ----------  --------------  -------------------
/usr/local/airflow/dags/exampledag.py                           1           0  0.11s           2024-08-03T22:41:53
/usr/local/airflow/dags/etl.py                                  1           0  0.11s           2024-08-03T22:41:53
================================================================================
[2024-08-03T22:42:43.380+0000] {manager.py:878} INFO - 
================================================================================
DAG File Processing Stats

File Path                              PID    Runtime      # DAGs    # Errors  Last Runtime    Last Run
-------------------------------------  -----  ---------  --------  ----------  --------------  -------------------
/usr/local/airflow/dags/etl.py                                  1           0  0.18s           2024-08-03T22:42:24
/usr/local/airflow/dags/exampledag.py                           1           0  0.16s           2024-08-03T22:42:24
================================================================================
[2024-08-03T22:43:13.755+0000] {manager.py:878} INFO - 
================================================================================
DAG File Processing Stats

File Path                              PID    Runtime      # DAGs    # Errors  Last Runtime    Last Run
-------------------------------------  -----  ---------  --------  ----------  --------------  -------------------
/usr/local/airflow/dags/exampledag.py                           1           0  0.10s           2024-08-03T22:42:54
/usr/local/airflow/dags/etl.py                                  1           0  0.10s           2024-08-03T22:42:54
================================================================================
[2024-08-03T22:43:44.103+0000] {manager.py:878} INFO - 
================================================================================
DAG File Processing Stats

File Path                              PID    Runtime      # DAGs    # Errors  Last Runtime    Last Run
-------------------------------------  -----  ---------  --------  ----------  --------------  -------------------
/usr/local/airflow/dags/exampledag.py                           1           0  0.10s           2024-08-03T22:43:24
/usr/local/airflow/dags/etl.py                                  1           0  0.10s           2024-08-03T22:43:24
================================================================================
[2024-08-03T22:44:14.437+0000] {manager.py:878} INFO - 
================================================================================
DAG File Processing Stats

File Path                              PID    Runtime      # DAGs    # Errors  Last Runtime    Last Run
-------------------------------------  -----  ---------  --------  ----------  --------------  -------------------
/usr/local/airflow/dags/etl.py                                  1           0  0.11s           2024-08-03T22:43:55
/usr/local/airflow/dags/exampledag.py                           1           0  0.11s           2024-08-03T22:43:55
================================================================================
[2024-08-03T22:44:28.683+0000] {manager.py:737} INFO - Searching for files in /usr/local/airflow/dags
[2024-08-03T22:44:28.709+0000] {manager.py:740} INFO - There are 2 files in /usr/local/airflow/dags
[2024-08-03T22:44:44.838+0000] {manager.py:878} INFO - 
================================================================================
DAG File Processing Stats

File Path                              PID    Runtime      # DAGs    # Errors  Last Runtime    Last Run
-------------------------------------  -----  ---------  --------  ----------  --------------  -------------------
/usr/local/airflow/dags/exampledag.py                           1           0  0.11s           2024-08-03T22:44:25
/usr/local/airflow/dags/etl.py                                  1           0  0.11s           2024-08-03T22:44:25
================================================================================
[2024-08-03T22:45:15.183+0000] {manager.py:878} INFO - 
================================================================================
DAG File Processing Stats

File Path                              PID    Runtime      # DAGs    # Errors  Last Runtime    Last Run
-------------------------------------  -----  ---------  --------  ----------  --------------  -------------------
/usr/local/airflow/dags/etl.py                                  1           0  0.13s           2024-08-03T22:44:56
/usr/local/airflow/dags/exampledag.py                           1           0  0.13s           2024-08-03T22:44:56
================================================================================
[2024-08-03T22:45:45.539+0000] {manager.py:878} INFO - 
================================================================================
DAG File Processing Stats

File Path                              PID    Runtime      # DAGs    # Errors  Last Runtime    Last Run
-------------------------------------  -----  ---------  --------  ----------  --------------  -------------------
/usr/local/airflow/dags/etl.py                                  1           0  0.10s           2024-08-03T22:45:26
/usr/local/airflow/dags/exampledag.py                           1           0  0.10s           2024-08-03T22:45:26
================================================================================
[2024-08-03T22:46:15.973+0000] {manager.py:878} INFO - 
================================================================================
DAG File Processing Stats

File Path                              PID    Runtime      # DAGs    # Errors  Last Runtime    Last Run
-------------------------------------  -----  ---------  --------  ----------  --------------  -------------------
/usr/local/airflow/dags/exampledag.py                           1           0  0.15s           2024-08-03T22:45:56
/usr/local/airflow/dags/etl.py                                  1           0  0.15s           2024-08-03T22:45:56
================================================================================
[2024-08-03T22:46:46.334+0000] {manager.py:878} INFO - 
================================================================================
DAG File Processing Stats

File Path                              PID    Runtime      # DAGs    # Errors  Last Runtime    Last Run
-------------------------------------  -----  ---------  --------  ----------  --------------  -------------------
/usr/local/airflow/dags/exampledag.py                           1           0  0.10s           2024-08-03T22:46:27
/usr/local/airflow/dags/etl.py                                  1           0  0.10s           2024-08-03T22:46:27
================================================================================
[2024-08-03T22:47:16.730+0000] {manager.py:878} INFO - 
================================================================================
DAG File Processing Stats

File Path                              PID    Runtime      # DAGs    # Errors  Last Runtime    Last Run
-------------------------------------  -----  ---------  --------  ----------  --------------  -------------------
/usr/local/airflow/dags/etl.py                                  1           0  0.12s           2024-08-03T22:46:57
/usr/local/airflow/dags/exampledag.py                           1           0  0.12s           2024-08-03T22:46:57
================================================================================
[2024-08-03T22:47:47.127+0000] {manager.py:878} INFO - 
================================================================================
DAG File Processing Stats

File Path                              PID    Runtime      # DAGs    # Errors  Last Runtime    Last Run
-------------------------------------  -----  ---------  --------  ----------  --------------  -------------------
/usr/local/airflow/dags/exampledag.py                           1           0  0.18s           2024-08-03T22:47:28
/usr/local/airflow/dags/etl.py                                  1           0  0.17s           2024-08-03T22:47:27
================================================================================
[2024-08-03T22:48:17.456+0000] {manager.py:878} INFO - 
================================================================================
DAG File Processing Stats

File Path                              PID    Runtime      # DAGs    # Errors  Last Runtime    Last Run
-------------------------------------  -----  ---------  --------  ----------  --------------  -------------------
/usr/local/airflow/dags/etl.py                                  1           0  0.10s           2024-08-03T22:47:58
/usr/local/airflow/dags/exampledag.py                           1           0  0.10s           2024-08-03T22:47:58
================================================================================
[2024-08-03T22:48:47.837+0000] {manager.py:878} INFO - 
================================================================================
DAG File Processing Stats

File Path                              PID    Runtime      # DAGs    # Errors  Last Runtime    Last Run
-------------------------------------  -----  ---------  --------  ----------  --------------  -------------------
/usr/local/airflow/dags/exampledag.py                           1           0  0.11s           2024-08-03T22:48:28
/usr/local/airflow/dags/etl.py                                  1           0  0.11s           2024-08-03T22:48:28
================================================================================
[2024-08-03T22:49:18.226+0000] {manager.py:878} INFO - 
================================================================================
DAG File Processing Stats

File Path                              PID    Runtime      # DAGs    # Errors  Last Runtime    Last Run
-------------------------------------  -----  ---------  --------  ----------  --------------  -------------------
/usr/local/airflow/dags/exampledag.py                           1           0  0.14s           2024-08-03T22:48:59
/usr/local/airflow/dags/etl.py                                  1           0  0.14s           2024-08-03T22:48:59
================================================================================
[2024-08-03T22:49:29.300+0000] {manager.py:737} INFO - Searching for files in /usr/local/airflow/dags
[2024-08-03T22:49:29.319+0000] {manager.py:740} INFO - There are 2 files in /usr/local/airflow/dags
[2024-08-03T22:49:48.614+0000] {manager.py:878} INFO - 
================================================================================
DAG File Processing Stats

File Path                              PID    Runtime      # DAGs    # Errors  Last Runtime    Last Run
-------------------------------------  -----  ---------  --------  ----------  --------------  -------------------
/usr/local/airflow/dags/exampledag.py                           1           0  0.11s           2024-08-03T22:49:29
/usr/local/airflow/dags/etl.py                                  1           0  0.10s           2024-08-03T22:49:29
================================================================================
[2024-08-03T22:50:19.170+0000] {manager.py:878} INFO - 
================================================================================
DAG File Processing Stats

File Path                              PID    Runtime      # DAGs    # Errors  Last Runtime    Last Run
-------------------------------------  -----  ---------  --------  ----------  --------------  -------------------
/usr/local/airflow/dags/exampledag.py                           1           0  0.24s           2024-08-03T22:49:59
/usr/local/airflow/dags/etl.py                                  1           0  0.22s           2024-08-03T22:49:59
================================================================================
[2024-08-03T22:50:49.602+0000] {manager.py:878} INFO - 
================================================================================
DAG File Processing Stats

File Path                              PID    Runtime      # DAGs    # Errors  Last Runtime    Last Run
-------------------------------------  -----  ---------  --------  ----------  --------------  -------------------
/usr/local/airflow/dags/etl.py                                  1           0  0.20s           2024-08-03T22:50:30
/usr/local/airflow/dags/exampledag.py                           1           0  0.19s           2024-08-03T22:50:30
================================================================================
[2024-08-03T22:51:20.017+0000] {manager.py:878} INFO - 
================================================================================
DAG File Processing Stats

File Path                              PID    Runtime      # DAGs    # Errors  Last Runtime    Last Run
-------------------------------------  -----  ---------  --------  ----------  --------------  -------------------
/usr/local/airflow/dags/exampledag.py                           1           0  0.18s           2024-08-03T22:51:00
/usr/local/airflow/dags/etl.py                                  1           0  0.17s           2024-08-03T22:51:00
================================================================================
[2024-08-03T22:51:50.380+0000] {manager.py:878} INFO - 
================================================================================
DAG File Processing Stats

File Path                              PID    Runtime      # DAGs    # Errors  Last Runtime    Last Run
-------------------------------------  -----  ---------  --------  ----------  --------------  -------------------
/usr/local/airflow/dags/exampledag.py                           1           0  0.39s           2024-08-03T22:51:31
/usr/local/airflow/dags/etl.py                                  1           0  0.11s           2024-08-03T22:51:31
================================================================================
[2024-08-03T22:52:20.755+0000] {manager.py:878} INFO - 
================================================================================
DAG File Processing Stats

File Path                              PID    Runtime      # DAGs    # Errors  Last Runtime    Last Run
-------------------------------------  -----  ---------  --------  ----------  --------------  -------------------
/usr/local/airflow/dags/etl.py                                  1           0  0.12s           2024-08-03T22:52:01
/usr/local/airflow/dags/exampledag.py                           1           0  0.11s           2024-08-03T22:52:01
================================================================================
[2024-08-03T22:52:51.031+0000] {manager.py:878} INFO - 
================================================================================
DAG File Processing Stats

File Path                              PID    Runtime      # DAGs    # Errors  Last Runtime    Last Run
-------------------------------------  -----  ---------  --------  ----------  --------------  -------------------
/usr/local/airflow/dags/etl.py                                  1           0  0.12s           2024-08-03T22:52:31
/usr/local/airflow/dags/exampledag.py                           1           0  0.12s           2024-08-03T22:52:31
================================================================================
[2024-08-03T22:53:21.410+0000] {manager.py:878} INFO - 
================================================================================
DAG File Processing Stats

File Path                              PID    Runtime      # DAGs    # Errors  Last Runtime    Last Run
-------------------------------------  -----  ---------  --------  ----------  --------------  -------------------
/usr/local/airflow/dags/exampledag.py                           1           0  0.12s           2024-08-03T22:53:02
/usr/local/airflow/dags/etl.py                                  1           0  0.11s           2024-08-03T22:53:02
================================================================================
[2024-08-03T22:53:51.784+0000] {manager.py:878} INFO - 
================================================================================
DAG File Processing Stats

File Path                              PID    Runtime      # DAGs    # Errors  Last Runtime    Last Run
-------------------------------------  -----  ---------  --------  ----------  --------------  -------------------
/usr/local/airflow/dags/exampledag.py                           1           0  0.14s           2024-08-03T22:53:32
/usr/local/airflow/dags/etl.py                                  1           0  0.13s           2024-08-03T22:53:32
================================================================================
[2024-08-03T22:54:22.286+0000] {manager.py:878} INFO - 
================================================================================
DAG File Processing Stats

File Path                              PID    Runtime      # DAGs    # Errors  Last Runtime    Last Run
-------------------------------------  -----  ---------  --------  ----------  --------------  -------------------
/usr/local/airflow/dags/exampledag.py                           1           0  0.16s           2024-08-03T22:54:03
/usr/local/airflow/dags/etl.py                                  1           0  0.16s           2024-08-03T22:54:03
================================================================================
[2024-08-03T22:54:29.347+0000] {manager.py:737} INFO - Searching for files in /usr/local/airflow/dags
[2024-08-03T22:54:29.411+0000] {manager.py:740} INFO - There are 2 files in /usr/local/airflow/dags
[2024-08-03T22:54:52.756+0000] {manager.py:878} INFO - 
================================================================================
DAG File Processing Stats

File Path                              PID    Runtime      # DAGs    # Errors  Last Runtime    Last Run
-------------------------------------  -----  ---------  --------  ----------  --------------  -------------------
/usr/local/airflow/dags/etl.py                                  1           0  0.12s           2024-08-03T22:54:33
/usr/local/airflow/dags/exampledag.py                           1           0  0.12s           2024-08-03T22:54:33
================================================================================
[2024-08-03T22:55:23.171+0000] {manager.py:878} INFO - 
================================================================================
DAG File Processing Stats

File Path                              PID    Runtime      # DAGs    # Errors  Last Runtime    Last Run
-------------------------------------  -----  ---------  --------  ----------  --------------  -------------------
/usr/local/airflow/dags/exampledag.py                           1           0  0.12s           2024-08-03T22:55:04
/usr/local/airflow/dags/etl.py                                  1           0  0.11s           2024-08-03T22:55:04
================================================================================
[2024-08-03T22:55:53.571+0000] {manager.py:878} INFO - 
================================================================================
DAG File Processing Stats

File Path                              PID    Runtime      # DAGs    # Errors  Last Runtime    Last Run
-------------------------------------  -----  ---------  --------  ----------  --------------  -------------------
/usr/local/airflow/dags/etl.py                                  1           0  0.14s           2024-08-03T22:55:34
/usr/local/airflow/dags/exampledag.py                           1           0  0.11s           2024-08-03T22:55:34
================================================================================
[2024-08-03T22:56:23.912+0000] {manager.py:878} INFO - 
================================================================================
DAG File Processing Stats

File Path                              PID    Runtime      # DAGs    # Errors  Last Runtime    Last Run
-------------------------------------  -----  ---------  --------  ----------  --------------  -------------------
/usr/local/airflow/dags/exampledag.py                           1           0  0.11s           2024-08-03T22:56:04
/usr/local/airflow/dags/etl.py                                  1           0  0.11s           2024-08-03T22:56:04
================================================================================
[2024-08-03T22:56:54.257+0000] {manager.py:878} INFO - 
================================================================================
DAG File Processing Stats

File Path                              PID    Runtime      # DAGs    # Errors  Last Runtime    Last Run
-------------------------------------  -----  ---------  --------  ----------  --------------  -------------------
/usr/local/airflow/dags/exampledag.py                           1           0  0.12s           2024-08-03T22:56:35
/usr/local/airflow/dags/etl.py                                  1           0  0.11s           2024-08-03T22:56:35
================================================================================
[2024-08-03T22:57:24.659+0000] {manager.py:878} INFO - 
================================================================================
DAG File Processing Stats

File Path                              PID    Runtime      # DAGs    # Errors  Last Runtime    Last Run
-------------------------------------  -----  ---------  --------  ----------  --------------  -------------------
/usr/local/airflow/dags/exampledag.py                           1           0  0.11s           2024-08-03T22:57:05
/usr/local/airflow/dags/etl.py                                  1           0  0.11s           2024-08-03T22:57:05
================================================================================
[2024-08-03T22:57:54.891+0000] {manager.py:878} INFO - 
================================================================================
DAG File Processing Stats

File Path                              PID    Runtime      # DAGs    # Errors  Last Runtime    Last Run
-------------------------------------  -----  ---------  --------  ----------  --------------  -------------------
/usr/local/airflow/dags/etl.py                                  1           0  0.13s           2024-08-03T22:57:35
/usr/local/airflow/dags/exampledag.py                           1           0  0.12s           2024-08-03T22:57:35
================================================================================
[2024-08-03T22:58:25.236+0000] {manager.py:878} INFO - 
================================================================================
DAG File Processing Stats

File Path                              PID    Runtime      # DAGs    # Errors  Last Runtime    Last Run
-------------------------------------  -----  ---------  --------  ----------  --------------  -------------------
/usr/local/airflow/dags/exampledag.py                           1           0  0.11s           2024-08-03T22:58:06
/usr/local/airflow/dags/etl.py                                  1           0  0.11s           2024-08-03T22:58:06
================================================================================
[2024-08-03T22:58:55.601+0000] {manager.py:878} INFO - 
================================================================================
DAG File Processing Stats

File Path                              PID    Runtime      # DAGs    # Errors  Last Runtime    Last Run
-------------------------------------  -----  ---------  --------  ----------  --------------  -------------------
/usr/local/airflow/dags/exampledag.py                           1           0  0.11s           2024-08-03T22:58:36
/usr/local/airflow/dags/etl.py                                  1           0  0.10s           2024-08-03T22:58:36
================================================================================
[2024-08-03T22:59:26.047+0000] {manager.py:878} INFO - 
================================================================================
DAG File Processing Stats

File Path                              PID    Runtime      # DAGs    # Errors  Last Runtime    Last Run
-------------------------------------  -----  ---------  --------  ----------  --------------  -------------------
/usr/local/airflow/dags/exampledag.py                           1           0  0.23s           2024-08-03T22:59:06
/usr/local/airflow/dags/etl.py                                  1           0  0.21s           2024-08-03T22:59:06
================================================================================
[2024-08-03T22:59:30.069+0000] {manager.py:737} INFO - Searching for files in /usr/local/airflow/dags
[2024-08-03T22:59:30.098+0000] {manager.py:740} INFO - There are 2 files in /usr/local/airflow/dags
[2024-08-03T22:59:38.950+0000] {manager.py:452} INFO - Exiting gracefully upon receiving signal 15
